mode: set
github.com/watzon/tide/pkg/widget/build_context.go:38.59,42.2 1 1
github.com/watzon/tide/pkg/widget/build_context.go:45.53,46.49 1 1
github.com/watzon/tide/pkg/widget/build_context.go:46.49,48.3 1 1
github.com/watzon/tide/pkg/widget/build_context.go:49.2,49.12 1 1
github.com/watzon/tide/pkg/widget/build_context.go:53.47,55.2 1 1
github.com/watzon/tide/pkg/widget/build_context.go:57.49,59.2 1 1
github.com/watzon/tide/pkg/widget/build_context.go:62.52,64.2 1 1
github.com/watzon/tide/pkg/widget/build_context.go:66.57,68.2 1 1
github.com/watzon/tide/pkg/widget/build_context.go:71.48,73.2 1 1
github.com/watzon/tide/pkg/widget/build_context.go:76.68,79.21 2 1
github.com/watzon/tide/pkg/widget/build_context.go:79.21,80.53 1 1
github.com/watzon/tide/pkg/widget/build_context.go:80.53,82.4 1 1
github.com/watzon/tide/pkg/widget/build_context.go:83.3,83.29 1 1
github.com/watzon/tide/pkg/widget/build_context.go:85.2,85.12 1 1
github.com/watzon/tide/pkg/widget/constraints.go:31.58,36.3 1 1
github.com/watzon/tide/pkg/widget/constraints.go:40.65,45.2 1 1
github.com/watzon/tide/pkg/widget/constraints.go:48.66,51.68 1 1
github.com/watzon/tide/pkg/widget/constraints.go:51.68,56.3 1 1
github.com/watzon/tide/pkg/widget/constraints.go:57.2,60.3 1 1
github.com/watzon/tide/pkg/widget/constraints.go:64.66,67.68 1 1
github.com/watzon/tide/pkg/widget/constraints.go:67.68,72.3 1 1
github.com/watzon/tide/pkg/widget/constraints.go:73.2,76.3 1 1
github.com/watzon/tide/pkg/widget/constraints.go:80.46,92.2 1 1
github.com/watzon/tide/pkg/widget/constraints.go:95.66,100.2 1 1
github.com/watzon/tide/pkg/widget/constraints.go:103.61,108.2 1 1
github.com/watzon/tide/pkg/widget/constraints.go:111.43,113.2 1 1
github.com/watzon/tide/pkg/widget/constraints.go:116.44,118.2 1 1
github.com/watzon/tide/pkg/widget/constraints.go:121.37,123.2 1 1
github.com/watzon/tide/pkg/widget/constraints.go:126.42,129.2 1 1
github.com/watzon/tide/pkg/widget/constraints.go:132.38,134.2 1 1
github.com/watzon/tide/pkg/widget/edge_insets.go:24.45,31.3 1 1
github.com/watzon/tide/pkg/widget/edge_insets.go:34.66,41.3 1 1
github.com/watzon/tide/pkg/widget/edge_insets.go:47.61,54.2 1 1
github.com/watzon/tide/pkg/widget/edge_insets.go:59.38,61.2 1 1
github.com/watzon/tide/pkg/widget/edge_insets.go:64.36,66.2 1 1
github.com/watzon/tide/pkg/widget/edge_insets.go:69.54,76.2 1 1
github.com/watzon/tide/pkg/widget/edge_insets.go:79.50,86.2 1 1
github.com/watzon/tide/pkg/widget/edge_insets.go:89.35,91.2 1 1
github.com/watzon/tide/pkg/widget/edge_insets.go:94.54,101.2 1 1
github.com/watzon/tide/pkg/widget/edge_insets.go:104.54,111.2 1 1
github.com/watzon/tide/pkg/widget/edge_insets.go:114.52,121.2 1 1
github.com/watzon/tide/pkg/widget/element.go:48.40,50.2 1 1
github.com/watzon/tide/pkg/widget/element.go:52.44,54.2 1 1
github.com/watzon/tide/pkg/widget/element.go:56.39,58.2 1 1
github.com/watzon/tide/pkg/widget/element.go:60.51,62.2 1 0
github.com/watzon/tide/pkg/widget/element.go:64.45,65.15 1 1
github.com/watzon/tide/pkg/widget/element.go:65.15,67.3 1 1
github.com/watzon/tide/pkg/widget/element.go:69.2,76.11 4 1
github.com/watzon/tide/pkg/widget/element.go:79.33,80.16 1 1
github.com/watzon/tide/pkg/widget/element.go:80.16,82.3 1 1
github.com/watzon/tide/pkg/widget/element.go:85.2,85.35 1 1
github.com/watzon/tide/pkg/widget/element.go:85.35,87.3 1 1
github.com/watzon/tide/pkg/widget/element.go:89.2,92.22 4 1
github.com/watzon/tide/pkg/widget/element.go:95.31,96.16 1 1
github.com/watzon/tide/pkg/widget/element.go:96.16,98.3 1 1
github.com/watzon/tide/pkg/widget/element.go:101.2,102.27 2 1
github.com/watzon/tide/pkg/widget/element.go:102.27,106.3 2 1
github.com/watzon/tide/pkg/widget/element.go:109.2,109.25 1 1
github.com/watzon/tide/pkg/widget/element.go:109.25,111.3 1 1
github.com/watzon/tide/pkg/widget/element.go:111.8,115.3 3 1
github.com/watzon/tide/pkg/widget/element.go:117.2,117.17 1 1
github.com/watzon/tide/pkg/widget/element.go:120.48,125.28 3 1
github.com/watzon/tide/pkg/widget/element.go:125.28,127.22 1 1
github.com/watzon/tide/pkg/widget/element.go:127.22,130.4 2 1
github.com/watzon/tide/pkg/widget/element.go:131.3,131.9 1 1
github.com/watzon/tide/pkg/widget/element.go:134.2,136.20 3 1
github.com/watzon/tide/pkg/widget/element.go:139.40,142.21 2 1
github.com/watzon/tide/pkg/widget/element.go:142.21,144.3 1 1
github.com/watzon/tide/pkg/widget/element.go:147.41,148.13 1 1
github.com/watzon/tide/pkg/widget/element.go:148.13,150.3 1 1
github.com/watzon/tide/pkg/widget/element.go:153.51,155.2 1 1
github.com/watzon/tide/pkg/widget/element.go:157.54,158.35 1 1
github.com/watzon/tide/pkg/widget/element.go:158.35,159.19 1 1
github.com/watzon/tide/pkg/widget/element.go:159.19,170.4 5 1
github.com/watzon/tide/pkg/widget/element.go:175.40,187.2 3 1
github.com/watzon/tide/pkg/widget/element.go:189.37,190.20 1 1
github.com/watzon/tide/pkg/widget/element.go:190.20,192.3 1 0
github.com/watzon/tide/pkg/widget/element.go:195.2,195.27 1 1
github.com/watzon/tide/pkg/widget/element.go:195.27,197.3 1 1
github.com/watzon/tide/pkg/widget/element.go:200.2,200.35 1 1
github.com/watzon/tide/pkg/widget/element.go:200.35,202.3 1 0
github.com/watzon/tide/pkg/widget/element.go:204.2,204.23 1 1
github.com/watzon/tide/pkg/widget/element.go:207.42,209.2 1 0
github.com/watzon/tide/pkg/widget/element.go:211.41,214.21 2 1
github.com/watzon/tide/pkg/widget/element.go:214.21,216.3 1 1
github.com/watzon/tide/pkg/widget/element.go:226.40,228.2 1 1
github.com/watzon/tide/pkg/widget/element.go:230.51,232.2 1 1
github.com/watzon/tide/pkg/widget/layout_constraints.go:24.54,35.2 1 1
github.com/watzon/tide/pkg/widget/layout_constraints.go:38.58,46.2 1 1
github.com/watzon/tide/pkg/widget/layout_constraints.go:49.55,54.2 1 1
github.com/watzon/tide/pkg/widget/layout_constraints.go:57.61,62.2 1 1
github.com/watzon/tide/pkg/widget/render_object.go:41.74,46.2 3 1
github.com/watzon/tide/pkg/widget/render_object.go:48.49,50.2 1 1
github.com/watzon/tide/pkg/widget/render_object.go:52.54,54.2 1 1
github.com/watzon/tide/pkg/widget/render_object.go:57.50,59.2 1 1
github.com/watzon/tide/pkg/widget/render_object.go:61.54,63.2 1 1
github.com/watzon/tide/pkg/widget/render_object.go:66.48,68.2 1 1
github.com/watzon/tide/pkg/widget/render_object.go:71.60,72.52 1 1
github.com/watzon/tide/pkg/widget/render_object.go:72.52,74.3 1 1
github.com/watzon/tide/pkg/widget/render_object.go:75.2,75.40 1 1
github.com/watzon/tide/pkg/widget/render_object.go:78.60,79.31 1 1
github.com/watzon/tide/pkg/widget/render_object.go:79.31,80.17 1 1
github.com/watzon/tide/pkg/widget/render_object.go:80.17,81.54 1 1
github.com/watzon/tide/pkg/widget/render_object.go:81.54,83.5 1 1
github.com/watzon/tide/pkg/widget/render_object.go:84.4,85.10 2 1
github.com/watzon/tide/pkg/widget/render_object.go:90.44,91.35 1 1
github.com/watzon/tide/pkg/widget/render_object.go:91.35,92.53 1 1
github.com/watzon/tide/pkg/widget/render_object.go:92.53,94.4 1 1
github.com/watzon/tide/pkg/widget/render_object.go:96.2,96.18 1 1
github.com/watzon/tide/pkg/widget/render_object.go:100.64,102.35 1 1
github.com/watzon/tide/pkg/widget/render_object.go:102.35,112.3 1 1
github.com/watzon/tide/pkg/widget/render_object.go:115.2,115.35 1 1
github.com/watzon/tide/pkg/widget/render_object.go:115.35,117.3 1 1
github.com/watzon/tide/pkg/widget/render_object.go:123.87,124.43 1 1
github.com/watzon/tide/pkg/widget/render_object.go:124.43,125.44 1 1
github.com/watzon/tide/pkg/widget/render_object.go:125.44,127.4 1 1
github.com/watzon/tide/pkg/widget/render_object.go:132.63,137.2 1 1
github.com/watzon/tide/pkg/widget/render_object.go:160.61,164.2 3 1
github.com/watzon/tide/pkg/widget/render_object.go:166.71,167.35 1 1
github.com/watzon/tide/pkg/widget/render_object.go:167.35,169.3 1 1
github.com/watzon/tide/pkg/widget/render_object.go:172.68,175.2 0 1
github.com/watzon/tide/pkg/widget/render_object.go:177.68,178.35 1 1
github.com/watzon/tide/pkg/widget/render_object.go:178.35,180.3 1 1
github.com/watzon/tide/pkg/widget/render_object.go:183.53,192.2 2 1
github.com/watzon/tide/pkg/widget/render_object.go:194.53,199.2 1 1
github.com/watzon/tide/pkg/widget/render_object.go:201.52,210.2 2 1
github.com/watzon/tide/pkg/widget/render_object.go:212.52,225.2 3 1
github.com/watzon/tide/pkg/widget/style.go:40.35,52.2 1 1
github.com/watzon/tide/pkg/widget/style.go:55.64,58.2 2 1
github.com/watzon/tide/pkg/widget/style.go:60.64,63.2 2 1
github.com/watzon/tide/pkg/widget/style.go:65.54,68.2 2 1
github.com/watzon/tide/pkg/widget/style.go:70.58,73.2 2 1
github.com/watzon/tide/pkg/widget/style.go:75.64,78.2 2 1
github.com/watzon/tide/pkg/widget/style.go:80.72,83.2 2 1
github.com/watzon/tide/pkg/widget/style.go:85.65,88.2 2 1
github.com/watzon/tide/pkg/widget/style.go:90.64,93.2 2 1
github.com/watzon/tide/pkg/widget/style.go:95.101,100.2 4 1
github.com/watzon/tide/pkg/widget/style.go:103.59,107.33 2 1
github.com/watzon/tide/pkg/widget/style.go:107.33,109.3 1 1
github.com/watzon/tide/pkg/widget/style.go:110.2,110.33 1 1
github.com/watzon/tide/pkg/widget/style.go:110.33,112.3 1 0
github.com/watzon/tide/pkg/widget/style.go:115.2,125.37 7 1
github.com/watzon/tide/pkg/widget/style.go:125.37,129.3 3 1
github.com/watzon/tide/pkg/widget/style.go:131.2,131.15 1 1
github.com/watzon/tide/pkg/widget/style.go:135.77,139.50 2 1
github.com/watzon/tide/pkg/widget/style.go:139.50,142.32 3 1
github.com/watzon/tide/pkg/widget/style.go:142.32,144.4 1 1
github.com/watzon/tide/pkg/widget/style.go:148.2,148.26 1 1
github.com/watzon/tide/pkg/widget/style.go:148.26,150.3 1 1
github.com/watzon/tide/pkg/widget/style.go:151.2,151.24 1 1
github.com/watzon/tide/pkg/widget/style.go:151.24,153.3 1 1
github.com/watzon/tide/pkg/widget/style.go:154.2,154.29 1 1
github.com/watzon/tide/pkg/widget/style.go:154.29,156.3 1 1
github.com/watzon/tide/pkg/widget/style.go:157.2,157.33 1 1
github.com/watzon/tide/pkg/widget/style.go:157.33,159.3 1 1
github.com/watzon/tide/pkg/widget/style.go:161.2,161.16 1 1
github.com/watzon/tide/pkg/widget/style.go:165.45,167.2 1 1
github.com/watzon/tide/pkg/widget/style.go:169.45,171.2 1 1
github.com/watzon/tide/pkg/widget/style.go:173.44,177.2 1 1
github.com/watzon/tide/pkg/widget/widget.go:41.35,43.2 1 1
github.com/watzon/tide/pkg/widget/widget.go:45.39,47.2 1 1
github.com/watzon/tide/pkg/widget/widget.go:50.51,52.2 1 1
github.com/watzon/tide/pkg/widget/widget.go:54.46,56.2 1 1
github.com/watzon/tide/pkg/widget/widget.go:59.45,61.2 1 1
github.com/watzon/tide/pkg/widget/widget.go:63.63,66.2 2 1
github.com/watzon/tide/pkg/widget/widget.go:69.57,71.2 1 1
github.com/watzon/tide/pkg/widget/widget.go:73.56,77.2 1 1
github.com/watzon/tide/pkg/widget/widget.go:79.68,80.66 1 1
github.com/watzon/tide/pkg/widget/widget.go:80.66,82.3 1 1
github.com/watzon/tide/pkg/widget/widget.go:86.51,89.2 2 1
github.com/watzon/tide/pkg/widget/widget.go:92.75,95.2 2 1
github.com/watzon/tide/pkg/widget/widget.go:106.46,108.2 1 1
github.com/watzon/tide/pkg/widget/widget.go:110.51,112.2 1 1
github.com/watzon/tide/pkg/widget/widget.go:114.57,115.20 1 1
github.com/watzon/tide/pkg/widget/widget.go:115.20,117.3 1 1
github.com/watzon/tide/pkg/widget/widget.go:118.2,118.26 1 1
github.com/watzon/tide/pkg/widget/widget.go:118.26,120.3 1 1
github.com/watzon/tide/pkg/widget/widget.go:121.2,121.10 1 0
